<testsuite name="new-test-suite" time="0.554" failures="0" errors="0" skipped="0" tests="0">
  <properties>
    <property key="java.runtime.name" value="Java(TM) SE Runtime Environment"/>
    <property key="sun.boot.library.path" value="C:\Program Files\Java\jdk1.8.0_111\jre\bin"/>
    <property key="java.vm.version" value="25.111-b14"/>
    <property key="maven.multiModuleProjectDirectory" value="C:\Users\khanif\AnypointStudio\advCourse-WS\maven-project"/>
    <property key="java.vm.vendor" value="Oracle Corporation"/>
    <property key="java.vendor.url" value="http://java.oracle.com/"/>
    <property key="guice.disable.misplaced.annotation.check" value="true"/>
    <property key="path.separator" value=";"/>
    <property key="java.vm.name" value="Java HotSpot(TM) 64-Bit Server VM"/>
    <property key="file.encoding.pkg" value="sun.io"/>
    <property key="user.country" value="US"/>
    <property key="user.script" value=""/>
    <property key="sun.java.launcher" value="SUN_STANDARD"/>
    <property key="sun.os.patch.level" value="Service Pack 1"/>
    <property key="java.vm.specification.name" value="Java Virtual Machine Specification"/>
    <property key="user.dir" value="C:\Users\khanif\AnypointStudio\advCourse-WS\maven-project"/>
    <property key="java.runtime.version" value="1.8.0_111-b14"/>
    <property key="java.awt.graphicsenv" value="sun.awt.Win32GraphicsEnvironment"/>
    <property key="java.endorsed.dirs" value="C:\Program Files\Java\jdk1.8.0_111\jre\lib\endorsed"/>
    <property key="os.arch" value="amd64"/>
    <property key="java.io.tmpdir" value="C:\Users\khanif\AppData\Local\Temp\"/>
    <property key="line.separator" value="&#xd;&#xa;"/>
    <property key="java.vm.specification.vendor" value="Oracle Corporation"/>
    <property key="user.variant" value=""/>
    <property key="os.name" value="Windows 7"/>
    <property key="classworlds.conf" value="C:\Program Files\apache-maven-3.5.0\bin\..\bin\m2.conf"/>
    <property key="sun.jnu.encoding" value="Cp1252"/>
    <property key="java.library.path" value="C:\Program Files\Java\jdk1.8.0_111\bin;C:\Windows\Sun\Java\bin;C:\Windows\system32;C:\Windows;c:\Program Files (x86)\Intel\iCLS Client\;c:\Program Files\Intel\iCLS Client\;C:\Program Files\Documentum\Shared;C:\Windows\system32;C:\Windows;C:\Windows\System32\Wbem;C:\Windows\System32\WindowsPowerShell\v1.0\;C:\Program Files\WIDCOMM\Bluetooth Software\;C:\Program Files\WIDCOMM\Bluetooth Software\syswow64;C:\Program Files\ant\bin;C:\Program Files\Java\jdk1.8.0_111\bin;C:\Program Files (x86)\WebEx\Productivity Tools;C:\Program Files\TortoiseGit\bin;C:\Program Files (x86)\Box\Box Edit\;C:\Windows\system32\config\systemprofile\.dnx\bin;C:\Program Files\Microsoft DNX\Dnvm\;C:\Program Files (x86)\Windows Kits\8.1\Windows Performance Toolkit\;C:\Program Files\Microsoft SQL Server\120\Tools\Binn\;C:\Program Files\nodejs\;C:\Program Files\Microsoft\Web Platform Installer\;C:\Program Files\Intel\Intel(R) Management Engine Components\DAL;C:\Program Files\Intel\Intel(R) Management Engine Components\IPT;C:\Program Files (x86)\Intel\Intel(R) Management Engine Components\DAL;C:\Program Files (x86)\Intel\Intel(R) Management Engine Components\IPT;C:\Program Files\Microsoft SQL Server\130\Tools\Binn\;C:\Program Files (x86)\Microsoft SQL Server\110\DTS\Binn\;C:\Program Files (x86)\Microsoft SQL Server\120\DTS\Binn\;C:\Program Files (x86)\Microsoft SQL Server\130\DTS\Binn\;C:\Program Files\apache-maven-3.5.0/bin;C:\Program Files\Git\cmd;C:\Users\khanif\AppData\Roaming\npm;."/>
    <property key="maven.conf" value="C:\Program Files\apache-maven-3.5.0\bin\../conf"/>
    <property key="java.specification.name" value="Java Platform API Specification"/>
    <property key="java.class.version" value="52.0"/>
    <property key="sun.management.compiler" value="HotSpot 64-Bit Tiered Compilers"/>
    <property key="os.version" value="6.1"/>
    <property key="library.jansi.path" value="C:\Program Files\apache-maven-3.5.0\bin\..\lib\jansi-native\windows64"/>
    <property key="user.home" value="C:\Users\khanif"/>
    <property key="user.timezone" value="America/New_York"/>
    <property key="java.awt.printerjob" value="sun.awt.windows.WPrinterJob"/>
    <property key="file.encoding" value="Cp1252"/>
    <property key="java.specification.version" value="1.8"/>
    <property key="java.class.path" value="C:\Program Files\apache-maven-3.5.0\bin\..\boot\plexus-classworlds-2.5.2.jar"/>
    <property key="user.name" value="khanif"/>
    <property key="java.vm.specification.version" value="1.8"/>
    <property key="sun.java.command" value="org.codehaus.plexus.classworlds.launcher.Launcher -B clean package"/>
    <property key="java.home" value="C:\Program Files\Java\jdk1.8.0_111\jre"/>
    <property key="sun.arch.data.model" value="64"/>
    <property key="user.language" value="en"/>
    <property key="java.specification.vendor" value="Oracle Corporation"/>
    <property key="awt.toolkit" value="sun.awt.windows.WToolkit"/>
    <property key="java.vm.info" value="mixed mode"/>
    <property key="java.version" value="1.8.0_111"/>
    <property key="java.ext.dirs" value="C:\Program Files\Java\jdk1.8.0_111\jre\lib\ext;C:\Windows\Sun\Java\lib\ext"/>
    <property key="sun.boot.class.path" value="C:\Program Files\Java\jdk1.8.0_111\jre\lib\resources.jar;C:\Program Files\Java\jdk1.8.0_111\jre\lib\rt.jar;C:\Program Files\Java\jdk1.8.0_111\jre\lib\sunrsasign.jar;C:\Program Files\Java\jdk1.8.0_111\jre\lib\jsse.jar;C:\Program Files\Java\jdk1.8.0_111\jre\lib\jce.jar;C:\Program Files\Java\jdk1.8.0_111\jre\lib\charsets.jar;C:\Program Files\Java\jdk1.8.0_111\jre\lib\jfr.jar;C:\Program Files\Java\jdk1.8.0_111\jre\classes"/>
    <property key="java.vendor" value="Oracle Corporation"/>
    <property key="maven.home" value="C:\Program Files\apache-maven-3.5.0\bin\.."/>
    <property key="file.separator" value="\"/>
    <property key="java.vendor.url.bug" value="http://bugreport.sun.com/bugreport/"/>
    <property key="sun.io.unicode.encoding" value="UnicodeLittle"/>
    <property key="sun.cpu.endian" value="little"/>
    <property key="sun.desktop" value="windows"/>
    <property key="sun.cpu.isalist" value="amd64"/>
    <property key="mule.testingMode" value="true"/>
    <property key="mule.working.dir" value="C:\Users\khanif\AnypointStudio\advCourse-WS\maven-project\target\.mule"/>
  </properties>
</testsuite>